# JRE version: Java(TM) SE Runtime Environment (8.0_101-b13) (build 1.8.0_101-b13)
# Java VM: Java HotSpot(TM) 64-Bit Server VM (25.101-b13 mixed mode bsd-amd64 compressed oops)
Heap:
 PSYoungGen      total 604160K, used 62330K [0x0000000795580000, 0x00000007bff00000, 0x00000007c0000000)
  eden space 603136K, 10% used [0x0000000795580000,0x000000079924ea58,0x00000007ba280000)
  from space 1024K, 6% used [0x00000007bfd00000,0x00000007bfd10000,0x00000007bfe00000)
  to   space 512K, 0% used [0x00000007bfe80000,0x00000007bfe80000,0x00000007bff00000)
 ParOldGen       total 87552K, used 4313K [0x0000000740000000, 0x0000000745580000, 0x0000000795580000)
  object space 87552K, 4% used [0x0000000740000000,0x00000007404366f8,0x0000000745580000)
 Metaspace       used 15631K, capacity 15882K, committed 16128K, reserved 1062912K
  class space    used 1978K, capacity 2046K, committed 2048K, reserved 1048576K
GC Heap History (10 events):
Event: 18.897 GC heap before
{Heap before GC invocations=49 (full 0):
 PSYoungGen      total 697856K, used 696864K [0x0000000795580000, 0x00000007c0000000, 0x00000007c0000000)
  eden space 696832K, 100% used [0x0000000795580000,0x00000007bfe00000,0x00000007bfe00000)
  from space 1024K, 3% used [0x00000007bff00000,0x00000007bff08000,0x00000007c0000000)
  to   space 1024K, 0% used [0x00000007bfe00000,0x00000007bfe00000,0x00000007bff00000)
 ParOldGen       total 87552K, used 4297K [0x0000000740000000, 0x0000000745580000, 0x0000000795580000)
  object space 87552K, 4% used [0x0000000740000000,0x00000007404326f8,0x0000000745580000)
 Metaspace       used 15627K, capacity 15882K, committed 16128K, reserved 1062912K
  class space    used 1978K, capacity 2046K, committed 2048K, reserved 1048576K
Event: 18.898 GC heap after
Heap after GC invocations=49 (full 0):
 PSYoungGen      total 697856K, used 32K [0x0000000795580000, 0x00000007c0000000, 0x00000007c0000000)
  eden space 696832K, 0% used [0x0000000795580000,0x0000000795580000,0x00000007bfe00000)
  from space 1024K, 3% used [0x00000007bfe00000,0x00000007bfe08000,0x00000007bff00000)
  to   space 1024K, 0% used [0x00000007bff00000,0x00000007bff00000,0x00000007c0000000)
 ParOldGen       total 87552K, used 4313K [0x0000000740000000, 0x0000000745580000, 0x0000000795580000)
  object space 87552K, 4% used [0x0000000740000000,0x00000007404366f8,0x0000000745580000)
 Metaspace       used 15627K, capacity 15882K, committed 16128K, reserved 1062912K
  class space    used 1978K, capacity 2046K, committed 2048K, reserved 1048576K
}
Event: 18.991 GC heap before
{Heap before GC invocations=50 (full 0):
 PSYoungGen      total 697856K, used 696864K [0x0000000795580000, 0x00000007c0000000, 0x00000007c0000000)
  eden space 696832K, 100% used [0x0000000795580000,0x00000007bfe00000,0x00000007bfe00000)
  from space 1024K, 3% used [0x00000007bfe00000,0x00000007bfe08000,0x00000007bff00000)
  to   space 1024K, 0% used [0x00000007bff00000,0x00000007bff00000,0x00000007c0000000)
 ParOldGen       total 87552K, used 4313K [0x0000000740000000, 0x0000000745580000, 0x0000000795580000)
  object space 87552K, 4% used [0x0000000740000000,0x00000007404366f8,0x0000000745580000)
 Metaspace       used 15627K, capacity 15882K, committed 16128K, reserved 1062912K
  class space    used 1978K, capacity 2046K, committed 2048K, reserved 1048576K
Event: 18.991 GC heap after
Heap after GC invocations=50 (full 0):
 PSYoungGen      total 697856K, used 64K [0x0000000795580000, 0x00000007c0000000, 0x00000007c0000000)
  eden space 696832K, 0% used [0x0000000795580000,0x0000000795580000,0x00000007bfe00000)
  from space 1024K, 6% used [0x00000007bff00000,0x00000007bff10000,0x00000007c0000000)
  to   space 1024K, 0% used [0x00000007bfe00000,0x00000007bfe00000,0x00000007bff00000)
 ParOldGen       total 87552K, used 4313K [0x0000000740000000, 0x0000000745580000, 0x0000000795580000)
  object space 87552K, 4% used [0x0000000740000000,0x00000007404366f8,0x0000000745580000)
 Metaspace       used 15627K, capacity 15882K, committed 16128K, reserved 1062912K
  class space    used 1978K, capacity 2046K, committed 2048K, reserved 1048576K
}
Event: 19.078 GC heap before
{Heap before GC invocations=51 (full 0):
 PSYoungGen      total 697856K, used 696896K [0x0000000795580000, 0x00000007c0000000, 0x00000007c0000000)
  eden space 696832K, 100% used [0x0000000795580000,0x00000007bfe00000,0x00000007bfe00000)
  from space 1024K, 6% used [0x00000007bff00000,0x00000007bff10000,0x00000007c0000000)
  to   space 1024K, 0% used [0x00000007bfe00000,0x00000007bfe00000,0x00000007bff00000)
 ParOldGen       total 87552K, used 4313K [0x0000000740000000, 0x0000000745580000, 0x0000000795580000)
  object space 87552K, 4% used [0x0000000740000000,0x00000007404366f8,0x0000000745580000)
 Metaspace       used 15627K, capacity 15882K, committed 16128K, reserved 1062912K
  class space    used 1978K, capacity 2046K, committed 2048K, reserved 1048576K
Event: 19.079 GC heap after
Heap after GC invocations=51 (full 0):
 PSYoungGen      total 664576K, used 32K [0x0000000795580000, 0x00000007bff80000, 0x00000007c0000000)
  eden space 664064K, 0% used [0x0000000795580000,0x0000000795580000,0x00000007bde00000)
  from space 512K, 6% used [0x00000007bfe00000,0x00000007bfe08000,0x00000007bfe80000)
  to   space 1024K, 0% used [0x00000007bfe80000,0x00000007bfe80000,0x00000007bff80000)
 ParOldGen       total 87552K, used 4313K [0x0000000740000000, 0x0000000745580000, 0x0000000795580000)
  object space 87552K, 4% used [0x0000000740000000,0x00000007404366f8,0x0000000745580000)
 Metaspace       used 15627K, capacity 15882K, committed 16128K, reserved 1062912K
  class space    used 1978K, capacity 2046K, committed 2048K, reserved 1048576K
}
Event: 19.162 GC heap before
{Heap before GC invocations=52 (full 0):
 PSYoungGen      total 664576K, used 664096K [0x0000000795580000, 0x00000007bff80000, 0x00000007c0000000)
  eden space 664064K, 100% used [0x0000000795580000,0x00000007bde00000,0x00000007bde00000)
  from space 512K, 6% used [0x00000007bfe00000,0x00000007bfe08000,0x00000007bfe80000)
  to   space 1024K, 0% used [0x00000007bfe80000,0x00000007bfe80000,0x00000007bff80000)
 ParOldGen       total 87552K, used 4313K [0x0000000740000000, 0x0000000745580000, 0x0000000795580000)
  object space 87552K, 4% used [0x0000000740000000,0x00000007404366f8,0x0000000745580000)
 Metaspace       used 15627K, capacity 15882K, committed 16128K, reserved 1062912K
  class space    used 1978K, capacity 2046K, committed 2048K, reserved 1048576K
Event: 19.162 GC heap after
Heap after GC invocations=52 (full 0):
 PSYoungGen      total 633344K, used 64K [0x0000000795580000, 0x00000007bff00000, 0x00000007c0000000)
  eden space 632832K, 0% used [0x0000000795580000,0x0000000795580000,0x00000007bbf80000)
  from space 512K, 12% used [0x00000007bfe80000,0x00000007bfe90000,0x00000007bff00000)
  to   space 1024K, 0% used [0x00000007bfd00000,0x00000007bfd00000,0x00000007bfe00000)
 ParOldGen       total 87552K, used 4313K [0x0000000740000000, 0x0000000745580000, 0x0000000795580000)
  object space 87552K, 4% used [0x0000000740000000,0x00000007404366f8,0x0000000745580000)
 Metaspace       used 15627K, capacity 15882K, committed 16128K, reserved 1062912K
  class space    used 1978K, capacity 2046K, committed 2048K, reserved 1048576K
}
Event: 19.240 GC heap before
{Heap before GC invocations=53 (full 0):
 PSYoungGen      total 633344K, used 632896K [0x0000000795580000, 0x00000007bff00000, 0x00000007c0000000)
  eden space 632832K, 100% used [0x0000000795580000,0x00000007bbf80000,0x00000007bbf80000)
  from space 512K, 12% used [0x00000007bfe80000,0x00000007bfe90000,0x00000007bff00000)
  to   space 1024K, 0% used [0x00000007bfd00000,0x00000007bfd00000,0x00000007bfe00000)
 ParOldGen       total 87552K, used 4313K [0x0000000740000000, 0x0000000745580000, 0x0000000795580000)
  object space 87552K, 4% used [0x0000000740000000,0x00000007404366f8,0x0000000745580000)
 Metaspace       used 15627K, capacity 15882K, committed 16128K, reserved 1062912K
  class space    used 1978K, capacity 2046K, committed 2048K, reserved 1048576K
Event: 19.240 GC heap after
Heap after GC invocations=53 (full 0):
 PSYoungGen      total 604160K, used 64K [0x0000000795580000, 0x00000007bff00000, 0x00000007c0000000)
  eden space 603136K, 0% used [0x0000000795580000,0x0000000795580000,0x00000007ba280000)
  from space 1024K, 6% used [0x00000007bfd00000,0x00000007bfd10000,0x00000007bfe00000)
  to   space 512K, 0% used [0x00000007bfe80000,0x00000007bfe80000,0x00000007bff00000)
 ParOldGen       total 87552K, used 4313K [0x0000000740000000, 0x0000000745580000, 0x0000000795580000)
  object space 87552K, 4% used [0x0000000740000000,0x00000007404366f8,0x0000000745580000)
 Metaspace       used 15627K, capacity 15882K, committed 16128K, reserved 1062912K
  class space    used 1978K, capacity 2046K, committed 2048K, reserved 1048576K
}

