# JRE version: Java(TM) SE Runtime Environment (8.0_101-b13) (build 1.8.0_101-b13)
# Java VM: Java HotSpot(TM) 64-Bit Server VM (25.101-b13 mixed mode bsd-amd64 compressed oops)
Heap:
 PSYoungGen      total 658944K, used 566381K [0x0000000795580000, 0x00000007c0000000, 0x00000007c0000000)
  eden space 658432K, 86% used [0x0000000795580000,0x00000007b7e8b6d0,0x00000007bd880000)
  from space 512K, 12% used [0x00000007bff80000,0x00000007bff90000,0x00000007c0000000)
  to   space 512K, 0% used [0x00000007bff00000,0x00000007bff00000,0x00000007bff80000)
 ParOldGen       total 87552K, used 62086K [0x0000000740000000, 0x0000000745580000, 0x0000000795580000)
  object space 87552K, 70% used [0x0000000740000000,0x0000000743ca1be8,0x0000000745580000)
 Metaspace       used 16123K, capacity 16362K, committed 16768K, reserved 1064960K
  class space    used 1987K, capacity 2078K, committed 2176K, reserved 1048576K
GC Heap History (10 events):
Event: 78.486 GC heap before
{Heap before GC invocations=378 (full 0):
 PSYoungGen      total 665088K, used 664788K [0x0000000795580000, 0x00000007c0000000, 0x00000007c0000000)
  eden space 664576K, 100% used [0x0000000795580000,0x00000007bde80000,0x00000007bde80000)
  from space 512K, 41% used [0x00000007bff00000,0x00000007bff351c0,0x00000007bff80000)
  to   space 512K, 0% used [0x00000007bff80000,0x00000007bff80000,0x00000007c0000000)
 ParOldGen       total 87552K, used 61837K [0x0000000740000000, 0x0000000745580000, 0x0000000795580000)
  object space 87552K, 70% used [0x0000000740000000,0x0000000743c634b8,0x0000000745580000)
 Metaspace       used 16117K, capacity 16362K, committed 16768K, reserved 1064960K
  class space    used 1987K, capacity 2078K, committed 2176K, reserved 1048576K
Event: 78.487 GC heap after
Heap after GC invocations=378 (full 0):
 PSYoungGen      total 633856K, used 64K [0x0000000795580000, 0x00000007c0000000, 0x00000007c0000000)
  eden space 633344K, 0% used [0x0000000795580000,0x0000000795580000,0x00000007bc000000)
  from space 512K, 12% used [0x00000007bff80000,0x00000007bff90000,0x00000007c0000000)
  to   space 512K, 0% used [0x00000007bff00000,0x00000007bff00000,0x00000007bff80000)
 ParOldGen       total 87552K, used 62046K [0x0000000740000000, 0x0000000745580000, 0x0000000795580000)
  object space 87552K, 70% used [0x0000000740000000,0x0000000743c97be8,0x0000000745580000)
 Metaspace       used 16117K, capacity 16362K, committed 16768K, reserved 1064960K
  class space    used 1987K, capacity 2078K, committed 2176K, reserved 1048576K
}
Event: 78.625 GC heap before
{Heap before GC invocations=379 (full 0):
 PSYoungGen      total 633856K, used 633408K [0x0000000795580000, 0x00000007c0000000, 0x00000007c0000000)
  eden space 633344K, 100% used [0x0000000795580000,0x00000007bc000000,0x00000007bc000000)
  from space 512K, 12% used [0x00000007bff80000,0x00000007bff90000,0x00000007c0000000)
  to   space 512K, 0% used [0x00000007bff00000,0x00000007bff00000,0x00000007bff80000)
 ParOldGen       total 87552K, used 62046K [0x0000000740000000, 0x0000000745580000, 0x0000000795580000)
  object space 87552K, 70% used [0x0000000740000000,0x0000000743c97be8,0x0000000745580000)
 Metaspace       used 16118K, capacity 16362K, committed 16768K, reserved 1064960K
  class space    used 1987K, capacity 2078K, committed 2176K, reserved 1048576K
Event: 78.627 GC heap after
Heap after GC invocations=379 (full 0):
 PSYoungGen      total 604160K, used 64K [0x0000000795580000, 0x00000007c0000000, 0x00000007c0000000)
  eden space 603648K, 0% used [0x0000000795580000,0x0000000795580000,0x00000007ba300000)
  from space 512K, 12% used [0x00000007bff00000,0x00000007bff10000,0x00000007bff80000)
  to   space 512K, 0% used [0x00000007bff80000,0x00000007bff80000,0x00000007c0000000)
 ParOldGen       total 87552K, used 62054K [0x0000000740000000, 0x0000000745580000, 0x0000000795580000)
  object space 87552K, 70% used [0x0000000740000000,0x0000000743c99be8,0x0000000745580000)
 Metaspace       used 16118K, capacity 16362K, committed 16768K, reserved 1064960K
  class space    used 1987K, capacity 2078K, committed 2176K, reserved 1048576K
}
Event: 78.760 GC heap before
{Heap before GC invocations=380 (full 0):
 PSYoungGen      total 604160K, used 603712K [0x0000000795580000, 0x00000007c0000000, 0x00000007c0000000)
  eden space 603648K, 100% used [0x0000000795580000,0x00000007ba300000,0x00000007ba300000)
  from space 512K, 12% used [0x00000007bff00000,0x00000007bff10000,0x00000007bff80000)
  to   space 512K, 0% used [0x00000007bff80000,0x00000007bff80000,0x00000007c0000000)
 ParOldGen       total 87552K, used 62054K [0x0000000740000000, 0x0000000745580000, 0x0000000795580000)
  object space 87552K, 70% used [0x0000000740000000,0x0000000743c99be8,0x0000000745580000)
 Metaspace       used 16118K, capacity 16362K, committed 16768K, reserved 1064960K
  class space    used 1987K, capacity 2078K, committed 2176K, reserved 1048576K
Event: 78.761 GC heap after
Heap after GC invocations=380 (full 0):
 PSYoungGen      total 576000K, used 64K [0x0000000795580000, 0x00000007c0000000, 0x00000007c0000000)
  eden space 575488K, 0% used [0x0000000795580000,0x0000000795580000,0x00000007b8780000)
  from space 512K, 12% used [0x00000007bff80000,0x00000007bff90000,0x00000007c0000000)
  to   space 512K, 0% used [0x00000007bff00000,0x00000007bff00000,0x00000007bff80000)
 ParOldGen       total 87552K, used 62070K [0x0000000740000000, 0x0000000745580000, 0x0000000795580000)
  object space 87552K, 70% used [0x0000000740000000,0x0000000743c9dbe8,0x0000000745580000)
 Metaspace       used 16118K, capacity 16362K, committed 16768K, reserved 1064960K
  class space    used 1987K, capacity 2078K, committed 2176K, reserved 1048576K
}
Event: 78.890 GC heap before
{Heap before GC invocations=381 (full 0):
 PSYoungGen      total 576000K, used 575552K [0x0000000795580000, 0x00000007c0000000, 0x00000007c0000000)
  eden space 575488K, 100% used [0x0000000795580000,0x00000007b8780000,0x00000007b8780000)
  from space 512K, 12% used [0x00000007bff80000,0x00000007bff90000,0x00000007c0000000)
  to   space 512K, 0% used [0x00000007bff00000,0x00000007bff00000,0x00000007bff80000)
 ParOldGen       total 87552K, used 62070K [0x0000000740000000, 0x0000000745580000, 0x0000000795580000)
  object space 87552K, 70% used [0x0000000740000000,0x0000000743c9dbe8,0x0000000745580000)
 Metaspace       used 16118K, capacity 16362K, committed 16768K, reserved 1064960K
  class space    used 1987K, capacity 2078K, committed 2176K, reserved 1048576K
Event: 78.892 GC heap after
Heap after GC invocations=381 (full 0):
 PSYoungGen      total 548864K, used 64K [0x0000000795580000, 0x00000007c0000000, 0x00000007c0000000)
  eden space 548352K, 0% used [0x0000000795580000,0x0000000795580000,0x00000007b6d00000)
  from space 512K, 12% used [0x00000007bff00000,0x00000007bff10000,0x00000007bff80000)
  to   space 512K, 0% used [0x00000007bff80000,0x00000007bff80000,0x00000007c0000000)
 ParOldGen       total 87552K, used 62078K [0x0000000740000000, 0x0000000745580000, 0x0000000795580000)
  object space 87552K, 70% used [0x0000000740000000,0x0000000743c9fbe8,0x0000000745580000)
 Metaspace       used 16118K, capacity 16362K, committed 16768K, reserved 1064960K
  class space    used 1987K, capacity 2078K, committed 2176K, reserved 1048576K
}
Event: 79.014 GC heap before
{Heap before GC invocations=382 (full 0):
 PSYoungGen      total 548864K, used 548416K [0x0000000795580000, 0x00000007c0000000, 0x00000007c0000000)
  eden space 548352K, 100% used [0x0000000795580000,0x00000007b6d00000,0x00000007b6d00000)
  from space 512K, 12% used [0x00000007bff00000,0x00000007bff10000,0x00000007bff80000)
  to   space 512K, 0% used [0x00000007bff80000,0x00000007bff80000,0x00000007c0000000)
 ParOldGen       total 87552K, used 62078K [0x0000000740000000, 0x0000000745580000, 0x0000000795580000)
  object space 87552K, 70% used [0x0000000740000000,0x0000000743c9fbe8,0x0000000745580000)
 Metaspace       used 16118K, capacity 16362K, committed 16768K, reserved 1064960K
  class space    used 1987K, capacity 2078K, committed 2176K, reserved 1048576K
Event: 79.016 GC heap after
Heap after GC invocations=382 (full 0):
 PSYoungGen      total 658944K, used 64K [0x0000000795580000, 0x00000007c0000000, 0x00000007c0000000)
  eden space 658432K, 0% used [0x0000000795580000,0x0000000795580000,0x00000007bd880000)
  from space 512K, 12% used [0x00000007bff80000,0x00000007bff90000,0x00000007c0000000)
  to   space 512K, 0% used [0x00000007bff00000,0x00000007bff00000,0x00000007bff80000)
 ParOldGen       total 87552K, used 62086K [0x0000000740000000, 0x0000000745580000, 0x0000000795580000)
  object space 87552K, 70% used [0x0000000740000000,0x0000000743ca1be8,0x0000000745580000)
 Metaspace       used 16118K, capacity 16362K, committed 16768K, reserved 1064960K
  class space    used 1987K, capacity 2078K, committed 2176K, reserved 1048576K
}

