# JRE version: Java(TM) SE Runtime Environment (8.0_101-b13) (build 1.8.0_101-b13)
# Java VM: Java HotSpot(TM) 64-Bit Server VM (25.101-b13 mixed mode bsd-amd64 compressed oops)
Heap:
 PSYoungGen      total 38400K, used 36495K [0x0000000795580000, 0x000000079a080000, 0x00000007c0000000)
  eden space 33280K, 98% used [0x0000000795580000,0x00000007975604d8,0x0000000797600000)
  from space 5120K, 75% used [0x0000000797600000,0x00000007979c3890,0x0000000797b00000)
  to   space 5120K, 0% used [0x0000000799b80000,0x0000000799b80000,0x000000079a080000)
 ParOldGen       total 87552K, used 27680K [0x0000000740000000, 0x0000000745580000, 0x0000000795580000)
  object space 87552K, 31% used [0x0000000740000000,0x0000000741b08030,0x0000000745580000)
 Metaspace       used 15790K, capacity 16040K, committed 16384K, reserved 1062912K
  class space    used 1929K, capacity 2012K, committed 2048K, reserved 1048576K
GC Heap History (6 events):
Event: 12.585 GC heap before
{Heap before GC invocations=1 (full 0):
 PSYoungGen      total 38400K, used 25905K [0x0000000795580000, 0x0000000798000000, 0x00000007c0000000)
  eden space 33280K, 77% used [0x0000000795580000,0x0000000796ecc698,0x0000000797600000)
  from space 5120K, 0% used [0x0000000797b00000,0x0000000797b00000,0x0000000798000000)
  to   space 5120K, 0% used [0x0000000797600000,0x0000000797600000,0x0000000797b00000)
 ParOldGen       total 87552K, used 0K [0x0000000740000000, 0x0000000745580000, 0x0000000795580000)
  object space 87552K, 0% used [0x0000000740000000,0x0000000740000000,0x0000000745580000)
 Metaspace       used 15447K, capacity 15720K, committed 16128K, reserved 1062912K
  class space    used 1920K, capacity 2012K, committed 2048K, reserved 1048576K
Event: 12.625 GC heap after
Heap after GC invocations=1 (full 0):
 PSYoungGen      total 38400K, used 4613K [0x0000000795580000, 0x0000000798000000, 0x00000007c0000000)
  eden space 33280K, 0% used [0x0000000795580000,0x0000000795580000,0x0000000797600000)
  from space 5120K, 90% used [0x0000000797600000,0x0000000797a81618,0x0000000797b00000)
  to   space 5120K, 0% used [0x0000000797b00000,0x0000000797b00000,0x0000000798000000)
 ParOldGen       total 87552K, used 16K [0x0000000740000000, 0x0000000745580000, 0x0000000795580000)
  object space 87552K, 0% used [0x0000000740000000,0x0000000740004000,0x0000000745580000)
 Metaspace       used 15447K, capacity 15720K, committed 16128K, reserved 1062912K
  class space    used 1920K, capacity 2012K, committed 2048K, reserved 1048576K
}
Event: 12.782 GC heap before
{Heap before GC invocations=2 (full 0):
 PSYoungGen      total 38400K, used 37893K [0x0000000795580000, 0x0000000798000000, 0x00000007c0000000)
  eden space 33280K, 100% used [0x0000000795580000,0x0000000797600000,0x0000000797600000)
  from space 5120K, 90% used [0x0000000797600000,0x0000000797a81618,0x0000000797b00000)
  to   space 5120K, 0% used [0x0000000797b00000,0x0000000797b00000,0x0000000798000000)
 ParOldGen       total 87552K, used 16K [0x0000000740000000, 0x0000000745580000, 0x0000000795580000)
  object space 87552K, 0% used [0x0000000740000000,0x0000000740004000,0x0000000745580000)
 Metaspace       used 15475K, capacity 15720K, committed 16128K, reserved 1062912K
  class space    used 1922K, capacity 2012K, committed 2048K, reserved 1048576K
Event: 12.824 GC heap after
Heap after GC invocations=2 (full 0):
 PSYoungGen      total 38400K, used 3918K [0x0000000795580000, 0x000000079a080000, 0x00000007c0000000)
  eden space 33280K, 0% used [0x0000000795580000,0x0000000795580000,0x0000000797600000)
  from space 5120K, 76% used [0x0000000797b00000,0x0000000797ed3890,0x0000000798000000)
  to   space 5120K, 0% used [0x0000000797600000,0x0000000797600000,0x0000000797b00000)
 ParOldGen       total 87552K, used 27672K [0x0000000740000000, 0x0000000745580000, 0x0000000795580000)
  object space 87552K, 31% used [0x0000000740000000,0x0000000741b06030,0x0000000745580000)
 Metaspace       used 15475K, capacity 15720K, committed 16128K, reserved 1062912K
  class space    used 1922K, capacity 2012K, committed 2048K, reserved 1048576K
}
Event: 12.928 GC heap before
{Heap before GC invocations=3 (full 0):
 PSYoungGen      total 38400K, used 37198K [0x0000000795580000, 0x000000079a080000, 0x00000007c0000000)
  eden space 33280K, 100% used [0x0000000795580000,0x0000000797600000,0x0000000797600000)
  from space 5120K, 76% used [0x0000000797b00000,0x0000000797ed3890,0x0000000798000000)
  to   space 5120K, 0% used [0x0000000797600000,0x0000000797600000,0x0000000797b00000)
 ParOldGen       total 87552K, used 27672K [0x0000000740000000, 0x0000000745580000, 0x0000000795580000)
  object space 87552K, 31% used [0x0000000740000000,0x0000000741b06030,0x0000000745580000)
 Metaspace       used 15476K, capacity 15720K, committed 16128K, reserved 1062912K
  class space    used 1922K, capacity 2012K, committed 2048K, reserved 1048576K
Event: 12.971 GC heap after
Heap after GC invocations=3 (full 0):
 PSYoungGen      total 38400K, used 3854K [0x0000000795580000, 0x000000079a080000, 0x00000007c0000000)
  eden space 33280K, 0% used [0x0000000795580000,0x0000000795580000,0x0000000797600000)
  from space 5120K, 75% used [0x0000000797600000,0x00000007979c3890,0x0000000797b00000)
  to   space 5120K, 0% used [0x0000000799b80000,0x0000000799b80000,0x000000079a080000)
 ParOldGen       total 87552K, used 27680K [0x0000000740000000, 0x0000000745580000, 0x0000000795580000)
  object space 87552K, 31% used [0x0000000740000000,0x0000000741b08030,0x0000000745580000)
 Metaspace       used 15476K, capacity 15720K, committed 16128K, reserved 1062912K
  class space    used 1922K, capacity 2012K, committed 2048K, reserved 1048576K
}

