# JRE version: Java(TM) SE Runtime Environment (8.0_101-b13) (build 1.8.0_101-b13)
# Java VM: Java HotSpot(TM) 64-Bit Server VM (25.101-b13 mixed mode bsd-amd64 compressed oops)
Heap:
 PSYoungGen      total 698368K, used 392883K [0x0000000795580000, 0x00000007c0000000, 0x00000007c0000000)
  eden space 697856K, 56% used [0x0000000795580000,0x00000007ad514c68,0x00000007bff00000)
  from space 512K, 18% used [0x00000007bff80000,0x00000007bff98000,0x00000007c0000000)
  to   space 512K, 0% used [0x00000007bff00000,0x00000007bff00000,0x00000007bff80000)
 ParOldGen       total 87552K, used 33073K [0x0000000740000000, 0x0000000745580000, 0x0000000795580000)
  object space 87552K, 37% used [0x0000000740000000,0x000000074204c460,0x0000000745580000)
 Metaspace       used 15985K, capacity 16202K, committed 16384K, reserved 1062912K
  class space    used 1986K, capacity 2046K, committed 2048K, reserved 1048576K
GC Heap History (10 events):
Event: 32.560 GC heap before
{Heap before GC invocations=204 (full 0):
 PSYoungGen      total 698368K, used 697952K [0x0000000795580000, 0x00000007c0000000, 0x00000007c0000000)
  eden space 697856K, 100% used [0x0000000795580000,0x00000007bff00000,0x00000007bff00000)
  from space 512K, 18% used [0x00000007bff00000,0x00000007bff18000,0x00000007bff80000)
  to   space 512K, 0% used [0x00000007bff80000,0x00000007bff80000,0x00000007c0000000)
 ParOldGen       total 87552K, used 33033K [0x0000000740000000, 0x0000000745580000, 0x0000000795580000)
  object space 87552K, 37% used [0x0000000740000000,0x0000000742042450,0x0000000745580000)
 Metaspace       used 15967K, capacity 16202K, committed 16384K, reserved 1062912K
  class space    used 1986K, capacity 2046K, committed 2048K, reserved 1048576K
Event: 32.561 GC heap after
Heap after GC invocations=204 (full 0):
 PSYoungGen      total 698368K, used 96K [0x0000000795580000, 0x00000007c0000000, 0x00000007c0000000)
  eden space 697856K, 0% used [0x0000000795580000,0x0000000795580000,0x00000007bff00000)
  from space 512K, 18% used [0x00000007bff80000,0x00000007bff98000,0x00000007c0000000)
  to   space 512K, 0% used [0x00000007bff00000,0x00000007bff00000,0x00000007bff80000)
 ParOldGen       total 87552K, used 33033K [0x0000000740000000, 0x0000000745580000, 0x0000000795580000)
  object space 87552K, 37% used [0x0000000740000000,0x0000000742042450,0x0000000745580000)
 Metaspace       used 15967K, capacity 16202K, committed 16384K, reserved 1062912K
  class space    used 1986K, capacity 2046K, committed 2048K, reserved 1048576K
}
Event: 32.646 GC heap before
{Heap before GC invocations=205 (full 0):
 PSYoungGen      total 698368K, used 697952K [0x0000000795580000, 0x00000007c0000000, 0x00000007c0000000)
  eden space 697856K, 100% used [0x0000000795580000,0x00000007bff00000,0x00000007bff00000)
  from space 512K, 18% used [0x00000007bff80000,0x00000007bff98000,0x00000007c0000000)
  to   space 512K, 0% used [0x00000007bff00000,0x00000007bff00000,0x00000007bff80000)
 ParOldGen       total 87552K, used 33033K [0x0000000740000000, 0x0000000745580000, 0x0000000795580000)
  object space 87552K, 37% used [0x0000000740000000,0x0000000742042450,0x0000000745580000)
 Metaspace       used 15967K, capacity 16202K, committed 16384K, reserved 1062912K
  class space    used 1986K, capacity 2046K, committed 2048K, reserved 1048576K
Event: 32.647 GC heap after
Heap after GC invocations=205 (full 0):
 PSYoungGen      total 665088K, used 96K [0x0000000795580000, 0x00000007c0000000, 0x00000007c0000000)
  eden space 664576K, 0% used [0x0000000795580000,0x0000000795580000,0x00000007bde80000)
  from space 512K, 18% used [0x00000007bff00000,0x00000007bff18000,0x00000007bff80000)
  to   space 512K, 0% used [0x00000007bff80000,0x00000007bff80000,0x00000007c0000000)
 ParOldGen       total 87552K, used 33033K [0x0000000740000000, 0x0000000745580000, 0x0000000795580000)
  object space 87552K, 37% used [0x0000000740000000,0x0000000742042450,0x0000000745580000)
 Metaspace       used 15967K, capacity 16202K, committed 16384K, reserved 1062912K
  class space    used 1986K, capacity 2046K, committed 2048K, reserved 1048576K
}
Event: 32.720 GC heap before
{Heap before GC invocations=206 (full 0):
 PSYoungGen      total 665088K, used 664672K [0x0000000795580000, 0x00000007c0000000, 0x00000007c0000000)
  eden space 664576K, 100% used [0x0000000795580000,0x00000007bde80000,0x00000007bde80000)
  from space 512K, 18% used [0x00000007bff00000,0x00000007bff18000,0x00000007bff80000)
  to   space 512K, 0% used [0x00000007bff80000,0x00000007bff80000,0x00000007c0000000)
 ParOldGen       total 87552K, used 33033K [0x0000000740000000, 0x0000000745580000, 0x0000000795580000)
  object space 87552K, 37% used [0x0000000740000000,0x0000000742042450,0x0000000745580000)
 Metaspace       used 15967K, capacity 16202K, committed 16384K, reserved 1062912K
  class space    used 1986K, capacity 2046K, committed 2048K, reserved 1048576K
Event: 32.721 GC heap after
Heap after GC invocations=206 (full 0):
 PSYoungGen      total 698368K, used 96K [0x0000000795580000, 0x00000007c0000000, 0x00000007c0000000)
  eden space 697856K, 0% used [0x0000000795580000,0x0000000795580000,0x00000007bff00000)
  from space 512K, 18% used [0x00000007bff80000,0x00000007bff98000,0x00000007c0000000)
  to   space 512K, 0% used [0x00000007bff00000,0x00000007bff00000,0x00000007bff80000)
 ParOldGen       total 87552K, used 33033K [0x0000000740000000, 0x0000000745580000, 0x0000000795580000)
  object space 87552K, 37% used [0x0000000740000000,0x0000000742042450,0x0000000745580000)
 Metaspace       used 15967K, capacity 16202K, committed 16384K, reserved 1062912K
  class space    used 1986K, capacity 2046K, committed 2048K, reserved 1048576K
}
Event: 32.814 GC heap before
{Heap before GC invocations=207 (full 0):
 PSYoungGen      total 698368K, used 697952K [0x0000000795580000, 0x00000007c0000000, 0x00000007c0000000)
  eden space 697856K, 100% used [0x0000000795580000,0x00000007bff00000,0x00000007bff00000)
  from space 512K, 18% used [0x00000007bff80000,0x00000007bff98000,0x00000007c0000000)
  to   space 512K, 0% used [0x00000007bff00000,0x00000007bff00000,0x00000007bff80000)
 ParOldGen       total 87552K, used 33033K [0x0000000740000000, 0x0000000745580000, 0x0000000795580000)
  object space 87552K, 37% used [0x0000000740000000,0x0000000742042450,0x0000000745580000)
 Metaspace       used 15970K, capacity 16202K, committed 16384K, reserved 1062912K
  class space    used 1986K, capacity 2046K, committed 2048K, reserved 1048576K
Event: 32.815 GC heap after
Heap after GC invocations=207 (full 0):
 PSYoungGen      total 698368K, used 64K [0x0000000795580000, 0x00000007c0000000, 0x00000007c0000000)
  eden space 697856K, 0% used [0x0000000795580000,0x0000000795580000,0x00000007bff00000)
  from space 512K, 12% used [0x00000007bff00000,0x00000007bff10000,0x00000007bff80000)
  to   space 512K, 0% used [0x00000007bff80000,0x00000007bff80000,0x00000007c0000000)
 ParOldGen       total 87552K, used 33033K [0x0000000740000000, 0x0000000745580000, 0x0000000795580000)
  object space 87552K, 37% used [0x0000000740000000,0x0000000742042450,0x0000000745580000)
 Metaspace       used 15970K, capacity 16202K, committed 16384K, reserved 1062912K
  class space    used 1986K, capacity 2046K, committed 2048K, reserved 1048576K
}
Event: 32.895 GC heap before
{Heap before GC invocations=208 (full 0):
 PSYoungGen      total 698368K, used 697920K [0x0000000795580000, 0x00000007c0000000, 0x00000007c0000000)
  eden space 697856K, 100% used [0x0000000795580000,0x00000007bff00000,0x00000007bff00000)
  from space 512K, 12% used [0x00000007bff00000,0x00000007bff10000,0x00000007bff80000)
  to   space 512K, 0% used [0x00000007bff80000,0x00000007bff80000,0x00000007c0000000)
 ParOldGen       total 87552K, used 33033K [0x0000000740000000, 0x0000000745580000, 0x0000000795580000)
  object space 87552K, 37% used [0x0000000740000000,0x0000000742042450,0x0000000745580000)
 Metaspace       used 15970K, capacity 16202K, committed 16384K, reserved 1062912K
  class space    used 1986K, capacity 2046K, committed 2048K, reserved 1048576K
Event: 32.896 GC heap after
Heap after GC invocations=208 (full 0):
 PSYoungGen      total 698368K, used 96K [0x0000000795580000, 0x00000007c0000000, 0x00000007c0000000)
  eden space 697856K, 0% used [0x0000000795580000,0x0000000795580000,0x00000007bff00000)
  from space 512K, 18% used [0x00000007bff80000,0x00000007bff98000,0x00000007c0000000)
  to   space 512K, 0% used [0x00000007bff00000,0x00000007bff00000,0x00000007bff80000)
 ParOldGen       total 87552K, used 33073K [0x0000000740000000, 0x0000000745580000, 0x0000000795580000)
  object space 87552K, 37% used [0x0000000740000000,0x000000074204c460,0x0000000745580000)
 Metaspace       used 15970K, capacity 16202K, committed 16384K, reserved 1062912K
  class space    used 1986K, capacity 2046K, committed 2048K, reserved 1048576K
}

