# JRE version: Java(TM) SE Runtime Environment (8.0_101-b13) (build 1.8.0_101-b13)
# Java VM: Java HotSpot(TM) 64-Bit Server VM (25.101-b13 mixed mode bsd-amd64 compressed oops)
Heap:
 PSYoungGen      total 698368K, used 386924K [0x0000000795580000, 0x00000007c0000000, 0x00000007c0000000)
  eden space 697856K, 55% used [0x0000000795580000,0x00000007acf531f0,0x00000007bff00000)
  from space 512K, 6% used [0x00000007bff00000,0x00000007bff08000,0x00000007bff80000)
  to   space 512K, 0% used [0x00000007bff80000,0x00000007bff80000,0x00000007c0000000)
 ParOldGen       total 87552K, used 4637K [0x0000000740000000, 0x0000000745580000, 0x0000000795580000)
  object space 87552K, 5% used [0x0000000740000000,0x0000000740487760,0x0000000745580000)
 Metaspace       used 15801K, capacity 16010K, committed 16384K, reserved 1062912K
  class space    used 1983K, capacity 2046K, committed 2048K, reserved 1048576K
GC Heap History (10 events):
Event: 53.574 GC heap before
{Heap before GC invocations=365 (full 0):
 PSYoungGen      total 604160K, used 603776K [0x0000000795580000, 0x00000007c0000000, 0x00000007c0000000)
  eden space 603648K, 100% used [0x0000000795580000,0x00000007ba300000,0x00000007ba300000)
  from space 512K, 25% used [0x00000007bff80000,0x00000007bffa0000,0x00000007c0000000)
  to   space 512K, 0% used [0x00000007bff00000,0x00000007bff00000,0x00000007bff80000)
 ParOldGen       total 87552K, used 4613K [0x0000000740000000, 0x0000000745580000, 0x0000000795580000)
  object space 87552K, 5% used [0x0000000740000000,0x0000000740481760,0x0000000745580000)
 Metaspace       used 15797K, capacity 16010K, committed 16384K, reserved 1062912K
  class space    used 1983K, capacity 2046K, committed 2048K, reserved 1048576K
Event: 53.575 GC heap after
Heap after GC invocations=365 (full 0):
 PSYoungGen      total 576000K, used 32K [0x0000000795580000, 0x00000007c0000000, 0x00000007c0000000)
  eden space 575488K, 0% used [0x0000000795580000,0x0000000795580000,0x00000007b8780000)
  from space 512K, 6% used [0x00000007bff00000,0x00000007bff08000,0x00000007bff80000)
  to   space 512K, 0% used [0x00000007bff80000,0x00000007bff80000,0x00000007c0000000)
 ParOldGen       total 87552K, used 4637K [0x0000000740000000, 0x0000000745580000, 0x0000000795580000)
  object space 87552K, 5% used [0x0000000740000000,0x0000000740487760,0x0000000745580000)
 Metaspace       used 15797K, capacity 16010K, committed 16384K, reserved 1062912K
  class space    used 1983K, capacity 2046K, committed 2048K, reserved 1048576K
}
Event: 53.647 GC heap before
{Heap before GC invocations=366 (full 0):
 PSYoungGen      total 576000K, used 575520K [0x0000000795580000, 0x00000007c0000000, 0x00000007c0000000)
  eden space 575488K, 100% used [0x0000000795580000,0x00000007b8780000,0x00000007b8780000)
  from space 512K, 6% used [0x00000007bff00000,0x00000007bff08000,0x00000007bff80000)
  to   space 512K, 0% used [0x00000007bff80000,0x00000007bff80000,0x00000007c0000000)
 ParOldGen       total 87552K, used 4637K [0x0000000740000000, 0x0000000745580000, 0x0000000795580000)
  object space 87552K, 5% used [0x0000000740000000,0x0000000740487760,0x0000000745580000)
 Metaspace       used 15797K, capacity 16010K, committed 16384K, reserved 1062912K
  class space    used 1983K, capacity 2046K, committed 2048K, reserved 1048576K
Event: 53.648 GC heap after
Heap after GC invocations=366 (full 0):
 PSYoungGen      total 691200K, used 32K [0x0000000795580000, 0x00000007c0000000, 0x00000007c0000000)
  eden space 690688K, 0% used [0x0000000795580000,0x0000000795580000,0x00000007bf800000)
  from space 512K, 6% used [0x00000007bff80000,0x00000007bff88000,0x00000007c0000000)
  to   space 512K, 0% used [0x00000007bff00000,0x00000007bff00000,0x00000007bff80000)
 ParOldGen       total 87552K, used 4637K [0x0000000740000000, 0x0000000745580000, 0x0000000795580000)
  object space 87552K, 5% used [0x0000000740000000,0x0000000740487760,0x0000000745580000)
 Metaspace       used 15797K, capacity 16010K, committed 16384K, reserved 1062912K
  class space    used 1983K, capacity 2046K, committed 2048K, reserved 1048576K
}
Event: 53.734 GC heap before
{Heap before GC invocations=367 (full 0):
 PSYoungGen      total 691200K, used 690720K [0x0000000795580000, 0x00000007c0000000, 0x00000007c0000000)
  eden space 690688K, 100% used [0x0000000795580000,0x00000007bf800000,0x00000007bf800000)
  from space 512K, 6% used [0x00000007bff80000,0x00000007bff88000,0x00000007c0000000)
  to   space 512K, 0% used [0x00000007bff00000,0x00000007bff00000,0x00000007bff80000)
 ParOldGen       total 87552K, used 4637K [0x0000000740000000, 0x0000000745580000, 0x0000000795580000)
  object space 87552K, 5% used [0x0000000740000000,0x0000000740487760,0x0000000745580000)
 Metaspace       used 15797K, capacity 16010K, committed 16384K, reserved 1062912K
  class space    used 1983K, capacity 2046K, committed 2048K, reserved 1048576K
Event: 53.735 GC heap after
Heap after GC invocations=367 (full 0):
 PSYoungGen      total 698368K, used 64K [0x0000000795580000, 0x00000007c0000000, 0x00000007c0000000)
  eden space 697856K, 0% used [0x0000000795580000,0x0000000795580000,0x00000007bff00000)
  from space 512K, 12% used [0x00000007bff00000,0x00000007bff10000,0x00000007bff80000)
  to   space 512K, 0% used [0x00000007bff80000,0x00000007bff80000,0x00000007c0000000)
 ParOldGen       total 87552K, used 4637K [0x0000000740000000, 0x0000000745580000, 0x0000000795580000)
  object space 87552K, 5% used [0x0000000740000000,0x0000000740487760,0x0000000745580000)
 Metaspace       used 15797K, capacity 16010K, committed 16384K, reserved 1062912K
  class space    used 1983K, capacity 2046K, committed 2048K, reserved 1048576K
}
Event: 53.828 GC heap before
{Heap before GC invocations=368 (full 0):
 PSYoungGen      total 698368K, used 697920K [0x0000000795580000, 0x00000007c0000000, 0x00000007c0000000)
  eden space 697856K, 100% used [0x0000000795580000,0x00000007bff00000,0x00000007bff00000)
  from space 512K, 12% used [0x00000007bff00000,0x00000007bff10000,0x00000007bff80000)
  to   space 512K, 0% used [0x00000007bff80000,0x00000007bff80000,0x00000007c0000000)
 ParOldGen       total 87552K, used 4637K [0x0000000740000000, 0x0000000745580000, 0x0000000795580000)
  object space 87552K, 5% used [0x0000000740000000,0x0000000740487760,0x0000000745580000)
 Metaspace       used 15797K, capacity 16010K, committed 16384K, reserved 1062912K
  class space    used 1983K, capacity 2046K, committed 2048K, reserved 1048576K
Event: 53.829 GC heap after
Heap after GC invocations=368 (full 0):
 PSYoungGen      total 698368K, used 32K [0x0000000795580000, 0x00000007c0000000, 0x00000007c0000000)
  eden space 697856K, 0% used [0x0000000795580000,0x0000000795580000,0x00000007bff00000)
  from space 512K, 6% used [0x00000007bff80000,0x00000007bff88000,0x00000007c0000000)
  to   space 512K, 0% used [0x00000007bff00000,0x00000007bff00000,0x00000007bff80000)
 ParOldGen       total 87552K, used 4637K [0x0000000740000000, 0x0000000745580000, 0x0000000795580000)
  object space 87552K, 5% used [0x0000000740000000,0x0000000740487760,0x0000000745580000)
 Metaspace       used 15797K, capacity 16010K, committed 16384K, reserved 1062912K
  class space    used 1983K, capacity 2046K, committed 2048K, reserved 1048576K
}
Event: 53.917 GC heap before
{Heap before GC invocations=369 (full 0):
 PSYoungGen      total 698368K, used 697888K [0x0000000795580000, 0x00000007c0000000, 0x00000007c0000000)
  eden space 697856K, 100% used [0x0000000795580000,0x00000007bff00000,0x00000007bff00000)
  from space 512K, 6% used [0x00000007bff80000,0x00000007bff88000,0x00000007c0000000)
  to   space 512K, 0% used [0x00000007bff00000,0x00000007bff00000,0x00000007bff80000)
 ParOldGen       total 87552K, used 4637K [0x0000000740000000, 0x0000000745580000, 0x0000000795580000)
  object space 87552K, 5% used [0x0000000740000000,0x0000000740487760,0x0000000745580000)
 Metaspace       used 15797K, capacity 16010K, committed 16384K, reserved 1062912K
  class space    used 1983K, capacity 2046K, committed 2048K, reserved 1048576K
Event: 53.918 GC heap after
Heap after GC invocations=369 (full 0):
 PSYoungGen      total 698368K, used 32K [0x0000000795580000, 0x00000007c0000000, 0x00000007c0000000)
  eden space 697856K, 0% used [0x0000000795580000,0x0000000795580000,0x00000007bff00000)
  from space 512K, 6% used [0x00000007bff00000,0x00000007bff08000,0x00000007bff80000)
  to   space 512K, 0% used [0x00000007bff80000,0x00000007bff80000,0x00000007c0000000)
 ParOldGen       total 87552K, used 4637K [0x0000000740000000, 0x0000000745580000, 0x0000000795580000)
  object space 87552K, 5% used [0x0000000740000000,0x0000000740487760,0x0000000745580000)
 Metaspace       used 15797K, capacity 16010K, committed 16384K, reserved 1062912K
  class space    used 1983K, capacity 2046K, committed 2048K, reserved 1048576K
}

